<?xml version="1.0" encoding="UTF-8"?>
<!-- Generated by org.testng.reporters.JUnitReportReporter -->
<testsuite hostname="DESKTOP-EQRSAKF" failures="0" tests="1" name="com.hcl.api.TestCookies" time="3.645" errors="0" timestamp="2023-07-29T17:08:20 IST" skipped="0">
  <testcase classname="com.hcl.api.TestCookies" name="getCoookiesInfo" time="3.645"/>
</testsuite> <!-- com.hcl.api.TestCookies -->
