<?xml version="1.0" encoding="UTF-8"?>
<!-- Generated by org.testng.reporters.JUnitReportReporter -->
<testsuite hostname="LAPTOP-C47L2146" failures="0" tests="3" name="com.hcl.api.HTTPRequestsNew" time="5.983" errors="0" timestamp="2023-10-27T13:43:39 IST" skipped="0">
  <testcase classname="com.hcl.api.HTTPRequestsNew" name="getSingleUser" time="2.395"/>
  <testcase classname="com.hcl.api.HTTPRequestsNew" name="testGetRequest" time="0.281"/>
  <testcase classname="com.hcl.api.HTTPRequestsNew" name="testPostRequest" time="3.307"/>
</testsuite> <!-- com.hcl.api.HTTPRequestsNew -->
