<?xml version="1.0" encoding="UTF-8"?>
<!-- Generated by org.testng.reporters.JUnitReportReporter -->
<testsuite hostname="DESKTOP-EQRSAKF" failures="0" tests="2" name="com.hcl.api.WaysToCreatePostRequestWithCricketersJSONFile" time="4.252" errors="0" timestamp="2023-07-29T14:48:08 IST" skipped="0">
  <testcase classname="com.hcl.api.WaysToCreatePostRequestWithCricketersJSONFile" name="testPostRequestWithExternalJSONFile" time="4.181"/>
  <testcase classname="com.hcl.api.WaysToCreatePostRequestWithCricketersJSONFile" name="deleteRequestCreatedWithExtJSONFile" time="0.071"/>
</testsuite> <!-- com.hcl.api.WaysToCreatePostRequestWithCricketersJSONFile -->
