<?xml version="1.0" encoding="UTF-8"?>
<!-- Generated by org.testng.reporters.JUnitReportReporter -->
<testsuite hostname="DESKTOP-EQRSAKF" failures="0" tests="1" name="com.hcl.api.CreateUserRestAPI" time="5.270" errors="0" timestamp="2023-08-07T20:57:44 IST" skipped="0">
  <testcase classname="com.hcl.api.CreateUserRestAPI" name="createUserViaFakerJavaLibrary" time="5.270"/>
</testsuite> <!-- com.hcl.api.CreateUserRestAPI -->
