<?xml version="1.0" encoding="UTF-8"?>
<!-- Generated by org.testng.reporters.JUnitReportReporter -->
<testsuite hostname="DESKTOP-EQRSAKF" failures="0" tests="1" name="com.hcl.api.TestUploadDownloadFileToWebApp" time="4.562" errors="0" timestamp="2023-07-31T21:48:22 IST" skipped="0">
  <testcase classname="com.hcl.api.TestUploadDownloadFileToWebApp" name="testUploadMultipleFile" time="4.562"/>
</testsuite> <!-- com.hcl.api.TestUploadDownloadFileToWebApp -->
