<?xml version="1.0" encoding="UTF-8"?>
<!-- Generated by org.testng.reporters.JUnitReportReporter -->
<testsuite hostname="LAPTOP-C47L2146" failures="0" tests="1" name="com.org.ssbms.ReqResSpecBuildersExample" time="1.336" errors="0" timestamp="2023-10-24T22:19:00 IST" skipped="0">
  <testcase classname="com.org.ssbms.ReqResSpecBuildersExample" name="testGetDetails" time="1.336"/>
</testsuite> <!-- com.org.ssbms.ReqResSpecBuildersExample -->
