<?xml version="1.0" encoding="UTF-8"?>
<!-- Generated by org.testng.reporters.JUnitReportReporter -->
<testsuite hostname="DESKTOP-EQRSAKF" failures="0" tests="5" name="com.hcl.api.GetStudentsData" time="3.318" errors="0" timestamp="2023-10-11T04:35:23 IST" skipped="4">
  <testcase classname="com.hcl.api.GetStudentsData" name="getCricketersDetails" time="3.318"/>
  <testcase classname="com.hcl.api.GetStudentsData" name="getStudentsData">
    <skipped/>
  </testcase> <!-- getStudentsData -->
  <testcase classname="com.hcl.api.GetStudentsData" name="updateCricketer">
    <skipped/>
  </testcase> <!-- updateCricketer -->
  <testcase classname="com.hcl.api.GetStudentsData" name="addCricketer">
    <skipped/>
  </testcase> <!-- addCricketer -->
  <testcase classname="com.hcl.api.GetStudentsData" name="getCricketerDetailsWithID">
    <skipped/>
  </testcase> <!-- getCricketerDetailsWithID -->
</testsuite> <!-- com.hcl.api.GetStudentsData -->
