<?xml version="1.0" encoding="UTF-8"?>
<!-- Generated by org.testng.reporters.JUnitReportReporter -->
<testsuite hostname="DESKTOP-EQRSAKF" failures="0" tests="3" name="com.org.ssbms.BasicCRUDRestAPITests" time="2.898" errors="0" timestamp="2023-10-12T04:46:40 IST" skipped="0">
  <testcase classname="com.org.ssbms.BasicCRUDRestAPITests" name="testGetCricketersDetailsBasedonID" time="1.230"/>
  <testcase classname="com.org.ssbms.BasicCRUDRestAPITests" name="testGetCricketersDetails" time="0.107"/>
  <testcase classname="com.org.ssbms.BasicCRUDRestAPITests" name="deleteCricketerDetailsviaID" time="1.561"/>
</testsuite> <!-- com.org.ssbms.BasicCRUDRestAPITests -->
