<?xml version="1.0" encoding="UTF-8"?>
<!-- Generated by org.testng.reporters.JUnitReportReporter -->
<testsuite hostname="DESKTOP-EQRSAKF" failures="0" tests="4" name="com.hcl.restassuredauthentication.RestAssuredBasicAuthenticationTest" time="9.087" errors="0" timestamp="2023-08-01T19:36:36 IST" skipped="0">
  <testcase classname="com.hcl.restassuredauthentication.RestAssuredBasicAuthenticationTest" name="testBasicAuthentication" time="5.740"/>
  <testcase classname="com.hcl.restassuredauthentication.RestAssuredBasicAuthenticationTest" name="testDigestAuthentication" time="1.412"/>
  <testcase classname="com.hcl.restassuredauthentication.RestAssuredBasicAuthenticationTest" name="testPreemptiveAuthentication" time="1.211"/>
  <testcase classname="com.hcl.restassuredauthentication.RestAssuredBasicAuthenticationTest" name="testBearerAuthentication" time="0.724"/>
</testsuite> <!-- com.hcl.restassuredauthentication.RestAssuredBasicAuthenticationTest -->
