<?xml version="1.0" encoding="UTF-8"?>
<!-- Generated by org.testng.reporters.JUnitReportReporter -->
<testsuite hostname="DESKTOP-EQRSAKF" failures="0" tests="2" name="com.hcl.restapi.practice.RestAPICRUDOperations" time="3.391" errors="0" timestamp="2023-09-07T21:12:05 IST" skipped="0">
  <testcase classname="com.hcl.restapi.practice.RestAPICRUDOperations" name="testUpdateRequest" time="1.402"/>
  <testcase classname="com.hcl.restapi.practice.RestAPICRUDOperations" name="testPatchRequest" time="1.989"/>
</testsuite> <!-- com.hcl.restapi.practice.RestAPICRUDOperations -->
