<?xml version="1.0" encoding="UTF-8"?>
<!-- Generated by org.testng.reporters.JUnitReportReporter -->
<testsuite hostname="DESKTOP-EQRSAKF" failures="0" tests="1" name="com.hcl.api.SerializationWithRestAssured" time="0.622" errors="0" timestamp="2023-09-27T13:39:00 IST" skipped="0">
  <testcase classname="com.hcl.api.SerializationWithRestAssured" name="testSerializationWithStudentsJSON" time="0.622"/>
</testsuite> <!-- com.hcl.api.SerializationWithRestAssured -->
