<?xml version="1.0" encoding="UTF-8"?>
<!-- Generated by org.testng.reporters.JUnitReportReporter -->
<testsuite hostname="DESKTOP-EQRSAKF" failures="0" tests="1" name="com.hcl.api.DeleteUserRestAPI" time="1.925" errors="0" timestamp="2023-08-07T20:57:44 IST" skipped="0">
  <testcase classname="com.hcl.api.DeleteUserRestAPI" name="testGetUser" time="1.925"/>
</testsuite> <!-- com.hcl.api.DeleteUserRestAPI -->
