<?xml version="1.0" encoding="UTF-8"?>
<!-- Generated by org.testng.reporters.JUnitReportReporter -->
<testsuite hostname="DESKTOP-EQRSAKF" failures="0" tests="2" name="com.hcl.api.TestHeaders" time="4.126" errors="0" timestamp="2023-07-29T21:12:36 IST" skipped="0">
  <testcase classname="com.hcl.api.TestHeaders" name="testHeaders" time="0.751"/>
  <testcase classname="com.hcl.api.TestHeaders" name="getAndTestHeaders" time="3.375"/>
</testsuite> <!-- com.hcl.api.TestHeaders -->
