<?xml version="1.0" encoding="UTF-8"?>
<!-- Generated by org.testng.reporters.JUnitReportReporter -->
<testsuite hostname="DESKTOP-EQRSAKF" failures="0" tests="4" name="com.hcl.api.HTTPRequests" time="7.324" errors="0" timestamp="2023-07-27T21:11:26 IST" skipped="0">
  <testcase classname="com.hcl.api.HTTPRequests" name="getListofUsers" time="4.658"/>
  <testcase classname="com.hcl.api.HTTPRequests" name="createUserviaPost" time="1.533"/>
  <testcase classname="com.hcl.api.HTTPRequests" name="updateUser" time="0.576"/>
  <testcase classname="com.hcl.api.HTTPRequests" name="deleteUser" time="0.557"/>
</testsuite> <!-- com.hcl.api.HTTPRequests -->
