<?xml version="1.0" encoding="UTF-8"?>
<!-- Generated by org.testng.reporters.JUnitReportReporter -->
<testsuite hostname="DESKTOP-EQRSAKF" failures="0" tests="1" name="com.hcl.api.TestLogsWithRestAssured" time="3.239" errors="0" timestamp="2023-07-29T21:23:50 IST" skipped="0">
  <testcase classname="com.hcl.api.TestLogsWithRestAssured" name="testLogs" time="3.239"/>
</testsuite> <!-- com.hcl.api.TestLogsWithRestAssured -->
