<?xml version="1.0" encoding="UTF-8"?>
<!-- Generated by org.testng.reporters.JUnitReportReporter -->
<testsuite hostname="DESKTOP-EQRSAKF" failures="0" tests="1" name="com.hcl.api.RequestWithPathQueryParameters" time="4.260" errors="0" timestamp="2023-10-01T06:28:39 IST" skipped="0">
  <testcase classname="com.hcl.api.RequestWithPathQueryParameters" name="testQueryAndPathParameters" time="4.260"/>
</testsuite> <!-- com.hcl.api.RequestWithPathQueryParameters -->
