<?xml version="1.0" encoding="UTF-8"?>
<!-- Generated by org.testng.reporters.JUnitReportReporter -->
<testsuite hostname="DESKTOP-EQRSAKF" failures="0" tests="1" name="com.hcl.api.ParsingJSONResponseData" time="2.754" errors="0" timestamp="2023-07-30T23:01:41 IST" skipped="0">
  <testcase classname="com.hcl.api.ParsingJSONResponseData" name="testResponse" time="2.754"/>
</testsuite> <!-- com.hcl.api.ParsingJSONResponseData -->
