<?xml version="1.0" encoding="UTF-8"?>
<!-- Generated by org.testng.reporters.JUnitReportReporter -->
<testsuite hostname="DESKTOP-EQRSAKF" failures="0" tests="2" name="com.hcl.api.ParsingXMLResponse" time="4.701" errors="0" timestamp="2023-07-31T17:39:39 IST" skipped="0">
  <testcase classname="com.hcl.api.ParsingXMLResponse" name="testAdditionalValidationsOnXMLResponse" time="3.896"/>
  <testcase classname="com.hcl.api.ParsingXMLResponse" name="testParsingXMLResponse" time="0.805"/>
</testsuite> <!-- com.hcl.api.ParsingXMLResponse -->
