<?xml version="1.0" encoding="UTF-8"?>
<!-- Generated by org.testng.reporters.JUnitReportReporter -->
<testsuite hostname="DESKTOP-EQRSAKF" failures="0" tests="2" name="com.org.ssbms.ReqSpecResSpecRestAssuredAPI" time="2.835" errors="0" timestamp="2023-10-08T20:43:48 IST" skipped="0">
  <testcase classname="com.org.ssbms.ReqSpecResSpecRestAssuredAPI" name="testGetStudentDetails" time="2.709"/>
  <testcase classname="com.org.ssbms.ReqSpecResSpecRestAssuredAPI" name="testGetStudentInfoWithID" time="0.126"/>
</testsuite> <!-- com.org.ssbms.ReqSpecResSpecRestAssuredAPI -->
